2023/04/24 15:53:02 [notice] 1#1: using the "epoll" event method
2023/04/24 15:53:02 [notice] 1#1: nginx/1.23.3
2023/04/24 15:53:02 [notice] 1#1: built by gcc 10.2.1 20210110 (Debian 10.2.1-6) 
2023/04/24 15:53:02 [notice] 1#1: OS: Linux 5.10.16.3-microsoft-standard-WSL2
2023/04/24 15:53:02 [notice] 1#1: getrlimit(RLIMIT_NOFILE): 1048576:1048576
2023/04/24 15:53:02 [notice] 1#1: start worker processes
2023/04/24 15:53:02 [notice] 1#1: start worker process 28
2023/04/24 15:53:02 [notice] 1#1: start worker process 29
2023/04/24 15:53:02 [notice] 1#1: start worker process 30
2023/04/24 15:53:02 [notice] 1#1: start worker process 31
2023/04/24 15:53:02 [notice] 1#1: start worker process 32
2023/04/24 15:53:02 [notice] 1#1: start worker process 33
2023/04/24 15:53:02 [notice] 1#1: start worker process 34
2023/04/24 15:53:02 [notice] 1#1: start worker process 35
2023/04/24 15:57:21 [notice] 1#1: signal 3 (SIGQUIT) received, shutting down
2023/04/24 15:57:21 [notice] 29#29: gracefully shutting down
2023/04/24 15:57:21 [notice] 33#33: gracefully shutting down
2023/04/24 15:57:21 [notice] 29#29: exiting
2023/04/24 15:57:21 [notice] 33#33: exiting
2023/04/24 15:57:21 [notice] 33#33: exit
2023/04/24 15:57:21 [notice] 29#29: exit
2023/04/24 15:57:21 [notice] 31#31: gracefully shutting down
2023/04/24 15:57:21 [notice] 32#32: gracefully shutting down
2023/04/24 15:57:21 [notice] 31#31: exiting
2023/04/24 15:57:21 [notice] 32#32: exiting
2023/04/24 15:57:21 [notice] 31#31: exit
2023/04/24 15:57:21 [notice] 32#32: exit
2023/04/24 15:57:21 [notice] 34#34: gracefully shutting down
2023/04/24 15:57:21 [notice] 34#34: exiting
2023/04/24 15:57:21 [notice] 34#34: exit
2023/04/24 15:57:21 [notice] 30#30: gracefully shutting down
2023/04/24 15:57:21 [notice] 28#28: gracefully shutting down
2023/04/24 15:57:21 [notice] 30#30: exiting
2023/04/24 15:57:21 [notice] 28#28: exiting
2023/04/24 15:57:21 [notice] 30#30: exit
2023/04/24 15:57:21 [notice] 28#28: exit
2023/04/24 15:57:21 [notice] 35#35: gracefully shutting down
2023/04/24 15:57:21 [notice] 35#35: exiting
2023/04/24 15:57:21 [notice] 35#35: exit
2023/04/24 15:57:21 [notice] 1#1: signal 17 (SIGCHLD) received from 35
2023/04/24 15:57:21 [notice] 1#1: worker process 28 exited with code 0
2023/04/24 15:57:21 [notice] 1#1: worker process 29 exited with code 0
2023/04/24 15:57:21 [notice] 1#1: worker process 30 exited with code 0
2023/04/24 15:57:21 [notice] 1#1: worker process 32 exited with code 0
2023/04/24 15:57:21 [notice] 1#1: worker process 35 exited with code 0
2023/04/24 15:57:21 [notice] 1#1: signal 29 (SIGIO) received
2023/04/24 15:57:21 [notice] 1#1: signal 17 (SIGCHLD) received from 34
2023/04/24 15:57:21 [notice] 1#1: worker process 31 exited with code 0
2023/04/24 15:57:21 [notice] 1#1: worker process 34 exited with code 0
2023/04/24 15:57:21 [notice] 1#1: signal 29 (SIGIO) received
2023/04/24 15:57:21 [notice] 1#1: signal 17 (SIGCHLD) received from 33
2023/04/24 15:57:21 [notice] 1#1: worker process 33 exited with code 0
2023/04/24 15:57:21 [notice] 1#1: exit
2023/04/24 15:58:23 [emerg] 1#1: host not found in upstream "php" in /etc/nginx/conf.d/default.conf:21
2023/04/24 16:03:08 [notice] 1#1: using the "epoll" event method
2023/04/24 16:03:08 [notice] 1#1: nginx/1.23.3
2023/04/24 16:03:08 [notice] 1#1: built by gcc 10.2.1 20210110 (Debian 10.2.1-6) 
2023/04/24 16:03:08 [notice] 1#1: OS: Linux 5.10.16.3-microsoft-standard-WSL2
2023/04/24 16:03:08 [notice] 1#1: getrlimit(RLIMIT_NOFILE): 1048576:1048576
2023/04/24 16:03:08 [notice] 1#1: start worker processes
2023/04/24 16:03:08 [notice] 1#1: start worker process 28
2023/04/24 16:03:08 [notice] 1#1: start worker process 29
2023/04/24 16:03:08 [notice] 1#1: start worker process 30
2023/04/24 16:03:08 [notice] 1#1: start worker process 31
2023/04/24 16:03:08 [notice] 1#1: start worker process 32
2023/04/24 16:03:08 [notice] 1#1: start worker process 33
2023/04/24 16:03:08 [notice] 1#1: start worker process 34
2023/04/24 16:03:08 [notice] 1#1: start worker process 35
2023/04/24 16:06:28 [notice] 1#1: signal 3 (SIGQUIT) received, shutting down
2023/04/24 16:06:28 [notice] 30#30: gracefully shutting down
2023/04/24 16:06:28 [notice] 30#30: exiting
2023/04/24 16:06:28 [notice] 31#31: gracefully shutting down
2023/04/24 16:06:28 [notice] 31#31: exiting
2023/04/24 16:06:28 [notice] 30#30: exit
2023/04/24 16:06:28 [notice] 31#31: exit
2023/04/24 16:06:28 [notice] 34#34: gracefully shutting down
2023/04/24 16:06:28 [notice] 28#28: gracefully shutting down
2023/04/24 16:06:28 [notice] 34#34: exiting
2023/04/24 16:06:28 [notice] 28#28: exiting
2023/04/24 16:06:28 [notice] 34#34: exit
2023/04/24 16:06:28 [notice] 28#28: exit
2023/04/24 16:06:28 [notice] 33#33: gracefully shutting down
2023/04/24 16:06:28 [notice] 33#33: exiting
2023/04/24 16:06:28 [notice] 29#29: gracefully shutting down
2023/04/24 16:06:28 [notice] 33#33: exit
2023/04/24 16:06:28 [notice] 29#29: exiting
2023/04/24 16:06:28 [notice] 29#29: exit
2023/04/24 16:06:28 [notice] 32#32: gracefully shutting down
2023/04/24 16:06:28 [notice] 32#32: exiting
2023/04/24 16:06:28 [notice] 35#35: gracefully shutting down
2023/04/24 16:06:28 [notice] 35#35: exiting
2023/04/24 16:06:28 [notice] 32#32: exit
2023/04/24 16:06:28 [notice] 35#35: exit
2023/04/24 16:06:28 [notice] 1#1: signal 17 (SIGCHLD) received from 32
2023/04/24 16:06:28 [notice] 1#1: worker process 32 exited with code 0
2023/04/24 16:06:28 [notice] 1#1: signal 29 (SIGIO) received
2023/04/24 16:06:28 [notice] 1#1: signal 17 (SIGCHLD) received from 30
2023/04/24 16:06:28 [notice] 1#1: worker process 30 exited with code 0
2023/04/24 16:06:28 [notice] 1#1: worker process 34 exited with code 0
2023/04/24 16:06:28 [notice] 1#1: signal 29 (SIGIO) received
2023/04/24 16:06:28 [notice] 1#1: signal 17 (SIGCHLD) received from 31
2023/04/24 16:06:28 [notice] 1#1: worker process 31 exited with code 0
2023/04/24 16:06:28 [notice] 1#1: signal 29 (SIGIO) received
2023/04/24 16:06:28 [notice] 1#1: signal 17 (SIGCHLD) received from 33
2023/04/24 16:06:28 [notice] 1#1: worker process 33 exited with code 0
2023/04/24 16:06:28 [notice] 1#1: signal 29 (SIGIO) received
2023/04/24 16:06:28 [notice] 1#1: signal 17 (SIGCHLD) received from 35
2023/04/24 16:06:28 [notice] 1#1: worker process 35 exited with code 0
2023/04/24 16:06:28 [notice] 1#1: signal 29 (SIGIO) received
2023/04/24 16:06:28 [notice] 1#1: signal 17 (SIGCHLD) received from 28
2023/04/24 16:06:28 [notice] 1#1: worker process 28 exited with code 0
2023/04/24 16:06:28 [notice] 1#1: signal 29 (SIGIO) received
2023/04/24 16:06:28 [notice] 1#1: signal 17 (SIGCHLD) received from 29
2023/04/24 16:06:28 [notice] 1#1: worker process 29 exited with code 0
2023/04/24 16:06:28 [notice] 1#1: exit
2023/04/24 16:07:24 [notice] 1#1: using the "epoll" event method
2023/04/24 16:07:24 [notice] 1#1: nginx/1.23.3
2023/04/24 16:07:24 [notice] 1#1: built by gcc 10.2.1 20210110 (Debian 10.2.1-6) 
2023/04/24 16:07:24 [notice] 1#1: OS: Linux 5.10.16.3-microsoft-standard-WSL2
2023/04/24 16:07:24 [notice] 1#1: getrlimit(RLIMIT_NOFILE): 1048576:1048576
2023/04/24 16:07:24 [notice] 1#1: start worker processes
2023/04/24 16:07:24 [notice] 1#1: start worker process 28
2023/04/24 16:07:24 [notice] 1#1: start worker process 29
2023/04/24 16:07:24 [notice] 1#1: start worker process 30
2023/04/24 16:07:24 [notice] 1#1: start worker process 31
2023/04/24 16:07:24 [notice] 1#1: start worker process 32
2023/04/24 16:07:24 [notice] 1#1: start worker process 33
2023/04/24 16:07:24 [notice] 1#1: start worker process 34
2023/04/24 16:07:24 [notice] 1#1: start worker process 35
2023/04/24 16:08:26 [notice] 1#1: signal 3 (SIGQUIT) received, shutting down
2023/04/24 16:08:26 [notice] 29#29: gracefully shutting down
2023/04/24 16:08:26 [notice] 29#29: exiting
2023/04/24 16:08:26 [notice] 29#29: exit
2023/04/24 16:08:26 [notice] 28#28: gracefully shutting down
2023/04/24 16:08:26 [notice] 28#28: exiting
2023/04/24 16:08:26 [notice] 28#28: exit
2023/04/24 16:08:26 [notice] 31#31: gracefully shutting down
2023/04/24 16:08:26 [notice] 31#31: exiting
2023/04/24 16:08:26 [notice] 31#31: exit
2023/04/24 16:08:26 [notice] 30#30: gracefully shutting down
2023/04/24 16:08:26 [notice] 30#30: exiting
2023/04/24 16:08:26 [notice] 30#30: exit
2023/04/24 16:08:26 [notice] 32#32: gracefully shutting down
2023/04/24 16:08:26 [notice] 32#32: exiting
2023/04/24 16:08:26 [notice] 32#32: exit
2023/04/24 16:08:26 [notice] 33#33: gracefully shutting down
2023/04/24 16:08:26 [notice] 33#33: exiting
2023/04/24 16:08:26 [notice] 33#33: exit
2023/04/24 16:08:26 [notice] 34#34: gracefully shutting down
2023/04/24 16:08:26 [notice] 34#34: exiting
2023/04/24 16:08:26 [notice] 34#34: exit
2023/04/24 16:08:26 [notice] 35#35: gracefully shutting down
2023/04/24 16:08:26 [notice] 35#35: exiting
2023/04/24 16:08:26 [notice] 35#35: exit
2023/04/24 16:08:26 [notice] 1#1: signal 17 (SIGCHLD) received from 29
2023/04/24 16:08:26 [notice] 1#1: worker process 29 exited with code 0
2023/04/24 16:08:26 [notice] 1#1: worker process 33 exited with code 0
2023/04/24 16:08:26 [notice] 1#1: worker process 34 exited with code 0
2023/04/24 16:08:26 [notice] 1#1: signal 29 (SIGIO) received
2023/04/24 16:08:26 [notice] 1#1: signal 17 (SIGCHLD) received from 28
2023/04/24 16:08:26 [notice] 1#1: worker process 28 exited with code 0
2023/04/24 16:08:26 [notice] 1#1: worker process 32 exited with code 0
2023/04/24 16:08:26 [notice] 1#1: signal 29 (SIGIO) received
2023/04/24 16:08:26 [notice] 1#1: signal 17 (SIGCHLD) received from 32
2023/04/24 16:08:26 [notice] 1#1: worker process 30 exited with code 0
2023/04/24 16:08:26 [notice] 1#1: signal 29 (SIGIO) received
2023/04/24 16:08:26 [notice] 1#1: signal 17 (SIGCHLD) received from 31
2023/04/24 16:08:26 [notice] 1#1: worker process 31 exited with code 0
2023/04/24 16:08:26 [notice] 1#1: signal 29 (SIGIO) received
2023/04/24 16:08:26 [notice] 1#1: signal 17 (SIGCHLD) received from 35
2023/04/24 16:08:26 [notice] 1#1: worker process 35 exited with code 0
2023/04/24 16:08:26 [notice] 1#1: exit
2023/04/24 16:08:36 [notice] 1#1: using the "epoll" event method
2023/04/24 16:08:36 [notice] 1#1: nginx/1.23.3
2023/04/24 16:08:36 [notice] 1#1: built by gcc 10.2.1 20210110 (Debian 10.2.1-6) 
2023/04/24 16:08:36 [notice] 1#1: OS: Linux 5.10.16.3-microsoft-standard-WSL2
2023/04/24 16:08:36 [notice] 1#1: getrlimit(RLIMIT_NOFILE): 1048576:1048576
2023/04/24 16:08:36 [notice] 1#1: start worker processes
2023/04/24 16:08:36 [notice] 1#1: start worker process 28
2023/04/24 16:08:36 [notice] 1#1: start worker process 29
2023/04/24 16:08:36 [notice] 1#1: start worker process 30
2023/04/24 16:08:36 [notice] 1#1: start worker process 31
2023/04/24 16:08:36 [notice] 1#1: start worker process 32
2023/04/24 16:08:36 [notice] 1#1: start worker process 33
2023/04/24 16:08:36 [notice] 1#1: start worker process 34
2023/04/24 16:08:36 [notice] 1#1: start worker process 35
2023/04/24 16:13:11 [notice] 1#1: signal 3 (SIGQUIT) received, shutting down
2023/04/24 16:13:11 [notice] 33#33: gracefully shutting down
2023/04/24 16:13:11 [notice] 28#28: gracefully shutting down
2023/04/24 16:13:11 [notice] 31#31: gracefully shutting down
2023/04/24 16:13:11 [notice] 33#33: exiting
2023/04/24 16:13:11 [notice] 28#28: exiting
2023/04/24 16:13:11 [notice] 31#31: exiting
2023/04/24 16:13:11 [notice] 31#31: exit
2023/04/24 16:13:11 [notice] 28#28: exit
2023/04/24 16:13:11 [notice] 29#29: gracefully shutting down
2023/04/24 16:13:11 [notice] 33#33: exit
2023/04/24 16:13:11 [notice] 29#29: exiting
2023/04/24 16:13:11 [notice] 29#29: exit
2023/04/24 16:13:11 [notice] 30#30: gracefully shutting down
2023/04/24 16:13:11 [notice] 30#30: exiting
2023/04/24 16:13:11 [notice] 30#30: exit
2023/04/24 16:13:11 [notice] 35#35: gracefully shutting down
2023/04/24 16:13:11 [notice] 35#35: exiting
2023/04/24 16:13:11 [notice] 32#32: gracefully shutting down
2023/04/24 16:13:11 [notice] 35#35: exit
2023/04/24 16:13:11 [notice] 32#32: exiting
2023/04/24 16:13:11 [notice] 32#32: exit
2023/04/24 16:13:11 [notice] 34#34: gracefully shutting down
2023/04/24 16:13:11 [notice] 34#34: exiting
2023/04/24 16:13:11 [notice] 34#34: exit
2023/04/24 16:13:11 [notice] 1#1: signal 17 (SIGCHLD) received from 28
2023/04/24 16:13:11 [notice] 1#1: worker process 28 exited with code 0
2023/04/24 16:13:11 [notice] 1#1: signal 29 (SIGIO) received
2023/04/24 16:13:11 [notice] 1#1: signal 17 (SIGCHLD) received from 34
2023/04/24 16:13:11 [notice] 1#1: worker process 30 exited with code 0
2023/04/24 16:13:11 [notice] 1#1: worker process 34 exited with code 0
2023/04/24 16:13:11 [notice] 1#1: signal 29 (SIGIO) received
2023/04/24 16:13:11 [notice] 1#1: signal 17 (SIGCHLD) received from 29
2023/04/24 16:13:11 [notice] 1#1: worker process 29 exited with code 0
2023/04/24 16:13:11 [notice] 1#1: worker process 33 exited with code 0
2023/04/24 16:13:11 [notice] 1#1: worker process 35 exited with code 0
2023/04/24 16:13:11 [notice] 1#1: signal 29 (SIGIO) received
2023/04/24 16:13:11 [notice] 1#1: signal 17 (SIGCHLD) received from 31
2023/04/24 16:13:11 [notice] 1#1: worker process 31 exited with code 0
2023/04/24 16:13:11 [notice] 1#1: signal 29 (SIGIO) received
2023/04/24 16:13:11 [notice] 1#1: signal 17 (SIGCHLD) received from 32
2023/04/24 16:13:11 [notice] 1#1: worker process 32 exited with code 0
2023/04/24 16:13:11 [notice] 1#1: exit
2023/04/24 16:13:20 [notice] 1#1: using the "epoll" event method
2023/04/24 16:13:20 [notice] 1#1: nginx/1.23.3
2023/04/24 16:13:20 [notice] 1#1: built by gcc 10.2.1 20210110 (Debian 10.2.1-6) 
2023/04/24 16:13:20 [notice] 1#1: OS: Linux 5.10.16.3-microsoft-standard-WSL2
2023/04/24 16:13:20 [notice] 1#1: getrlimit(RLIMIT_NOFILE): 1048576:1048576
2023/04/24 16:13:20 [notice] 1#1: start worker processes
2023/04/24 16:13:20 [notice] 1#1: start worker process 28
2023/04/24 16:13:20 [notice] 1#1: start worker process 29
2023/04/24 16:13:20 [notice] 1#1: start worker process 30
2023/04/24 16:13:20 [notice] 1#1: start worker process 31
2023/04/24 16:13:20 [notice] 1#1: start worker process 32
2023/04/24 16:13:20 [notice] 1#1: start worker process 33
2023/04/24 16:13:20 [notice] 1#1: start worker process 34
2023/04/24 16:13:20 [notice] 1#1: start worker process 35
2023/04/24 16:14:42 [notice] 1#1: signal 3 (SIGQUIT) received, shutting down
2023/04/24 16:14:42 [notice] 34#34: gracefully shutting down
2023/04/24 16:14:42 [notice] 34#34: exiting
2023/04/24 16:14:42 [notice] 34#34: exit
2023/04/24 16:14:42 [notice] 30#30: gracefully shutting down
2023/04/24 16:14:42 [notice] 31#31: gracefully shutting down
2023/04/24 16:14:42 [notice] 33#33: gracefully shutting down
2023/04/24 16:14:42 [notice] 30#30: exiting
2023/04/24 16:14:42 [notice] 31#31: exiting
2023/04/24 16:14:42 [notice] 33#33: exiting
2023/04/24 16:14:42 [notice] 30#30: exit
2023/04/24 16:14:42 [notice] 31#31: exit
2023/04/24 16:14:42 [notice] 33#33: exit
2023/04/24 16:14:42 [notice] 29#29: gracefully shutting down
2023/04/24 16:14:42 [notice] 35#35: gracefully shutting down
2023/04/24 16:14:42 [notice] 29#29: exiting
2023/04/24 16:14:42 [notice] 35#35: exiting
2023/04/24 16:14:42 [notice] 29#29: exit
2023/04/24 16:14:42 [notice] 35#35: exit
2023/04/24 16:14:42 [notice] 28#28: gracefully shutting down
2023/04/24 16:14:42 [notice] 32#32: gracefully shutting down
2023/04/24 16:14:42 [notice] 28#28: exiting
2023/04/24 16:14:42 [notice] 28#28: exit
2023/04/24 16:14:42 [notice] 32#32: exiting
2023/04/24 16:14:42 [notice] 32#32: exit
2023/04/24 16:14:42 [notice] 1#1: signal 17 (SIGCHLD) received from 35
2023/04/24 16:14:42 [notice] 1#1: worker process 30 exited with code 0
2023/04/24 16:14:42 [notice] 1#1: worker process 35 exited with code 0
2023/04/24 16:14:42 [notice] 1#1: signal 29 (SIGIO) received
2023/04/24 16:14:42 [notice] 1#1: signal 17 (SIGCHLD) received from 28
2023/04/24 16:14:42 [notice] 1#1: worker process 28 exited with code 0
2023/04/24 16:14:42 [notice] 1#1: signal 29 (SIGIO) received
2023/04/24 16:14:42 [notice] 1#1: signal 17 (SIGCHLD) received from 34
2023/04/24 16:14:42 [notice] 1#1: worker process 31 exited with code 0
2023/04/24 16:14:42 [notice] 1#1: worker process 33 exited with code 0
2023/04/24 16:14:42 [notice] 1#1: worker process 34 exited with code 0
2023/04/24 16:14:42 [notice] 1#1: signal 29 (SIGIO) received
2023/04/24 16:14:42 [notice] 1#1: signal 17 (SIGCHLD) received from 32
2023/04/24 16:14:42 [notice] 1#1: worker process 29 exited with code 0
2023/04/24 16:14:42 [notice] 1#1: worker process 32 exited with code 0
2023/04/24 16:14:42 [notice] 1#1: exit
2023/04/24 16:14:44 [notice] 1#1: using the "epoll" event method
2023/04/24 16:14:44 [notice] 1#1: nginx/1.23.3
2023/04/24 16:14:44 [notice] 1#1: built by gcc 10.2.1 20210110 (Debian 10.2.1-6) 
2023/04/24 16:14:44 [notice] 1#1: OS: Linux 5.10.16.3-microsoft-standard-WSL2
2023/04/24 16:14:44 [notice] 1#1: getrlimit(RLIMIT_NOFILE): 1048576:1048576
2023/04/24 16:14:44 [notice] 1#1: start worker processes
2023/04/24 16:14:44 [notice] 1#1: start worker process 29
2023/04/24 16:14:44 [notice] 1#1: start worker process 30
2023/04/24 16:14:44 [notice] 1#1: start worker process 31
2023/04/24 16:14:44 [notice] 1#1: start worker process 32
2023/04/24 16:14:44 [notice] 1#1: start worker process 33
2023/04/24 16:14:44 [notice] 1#1: start worker process 34
2023/04/24 16:14:44 [notice] 1#1: start worker process 35
2023/04/24 16:14:44 [notice] 1#1: start worker process 36
